> Task :checkKotlinGradlePluginConfigurationErrors SKIPPED
> Task :processResources NO-SOURCE
> Task :compileKotlin
> Task :compileJava NO-SOURCE
> Task :classes UP-TO-DATE
> Task :resolveMainClassName

> Task :bootRun

  .   ____          _            __ _ _
 /\\ / ___'_ __ _ _(_)_ __  __ _ \ \ \ \
( ( )\___ | '_ | '_| | '_ \/ _` | \ \ \ \
 \\/  ___)| |_)| | | | | || (_| |  ) ) ) )
  '  |____| .__|_| |_|_| |_\__, | / / / /
 =========|_|==============|___/=/_/_/_/

 :: Spring Boot ::                (v3.4.2)

2026-06-09T08:54:01.736+05:30  INFO 3587 --- [           main] c.e.consumer.ConsumerApplicationKt       : Starting ConsumerApplicationKt using Java 21.0.11 with PID 3587 (/Users/mathan/Projects/GhostNode/ghostnode-consumer-app/build/classes/kotlin/main started by mathan in /Users/mathan/Projects/GhostNode/ghostnode-consumer-app)
2026-06-09T08:54:01.736+05:30  INFO 3587 --- [           main] c.e.consumer.ConsumerApplicationKt       : No active profile set, falling back to 1 default profile: "default"
2026-06-09T08:54:02.291+05:30  INFO 3587 --- [           main] o.s.b.w.embedded.tomcat.TomcatWebServer  : Tomcat initialized with port 8080 (http)
2026-06-09T08:54:02.297+05:30  INFO 3587 --- [           main] o.apache.catalina.core.StandardService   : Starting service [Tomcat]
2026-06-09T08:54:02.297+05:30  INFO 3587 --- [           main] o.apache.catalina.core.StandardEngine    : Starting Servlet engine: [Apache Tomcat/10.1.34]
2026-06-09T08:54:02.317+05:30  INFO 3587 --- [           main] o.a.c.c.C.[Tomcat].[localhost].[/]       : Initializing Spring embedded WebApplicationContext
2026-06-09T08:54:02.317+05:30  INFO 3587 --- [           main] w.s.c.ServletWebServerApplicationContext : Root WebApplicationContext: initialization completed in 559 ms
2026-06-09T08:54:02.386+05:30  INFO 3587 --- [           main] c.g.spring.GhostNodeAutoConfiguration    : Injected Spring MeterRegistry: Binding Micrometer metrics for GhostNode.
2026-06-09T08:54:02.389+05:30  WARN 3587 --- [           main] i.m.core.instrument.MeterRegistry        : This Gauge has been already registered (MeterId{name='ghostnode.state.size', tags=[]}), the Gauge registration will be ignored. Note that subsequent logs will be logged at debug level.
2026-06-09T08:54:02.391+05:30  INFO 3587 --- [           main] c.g.spring.GhostNodeAutoConfiguration    : Starting background CRDT Compaction scheduler. Interval: 3600000 ms, Threshold: 2592000000 ms
2026-06-09T08:54:02.484+05:30  INFO 3587 --- [           main] c.example.consumer.service.EventBusMock  : Starting Mock Event Bus HTTP Server on port 8081...
2026-06-09T08:54:02.492+05:30  INFO 3587 --- [           main] c.example.consumer.service.EventBusMock  : Mock Event Bus HTTP Server started on port 8081.
2026-06-09T08:54:02.620+05:30  INFO 3587 --- [           main] o.s.b.a.e.web.EndpointLinksResolver      : Exposing 1 endpoint beneath base path '/actuator'
2026-06-09T08:54:02.640+05:30  INFO 3587 --- [           main] o.s.b.w.embedded.tomcat.TomcatWebServer  : Tomcat started on port 8080 (http) with context path '/'
2026-06-09T08:54:02.647+05:30  INFO 3587 --- [           main] c.e.consumer.ConsumerApplicationKt       : Started ConsumerApplicationKt in 1.063 seconds (process running for 1.206)
2026-06-09T08:54:02.688+05:30  INFO 3587 --- [HTTP-Dispatcher] c.example.consumer.service.EventBusMock  : Mock Event Bus - Merged client state. Server current elements: []
2026-06-09T08:54:02.699+05:30  INFO 3587 --- [   scheduling-1] c.e.consumer.service.ClientSyncTask      : Client - Sync SUCCESS. Local elements: []
2026-06-09T08:54:04.347+05:30  INFO 3587 --- [nio-8080-exec-1] o.a.c.c.C.[Tomcat].[localhost].[/]       : Initializing Spring DispatcherServlet 'dispatcherServlet'
2026-06-09T08:54:04.347+05:30  INFO 3587 --- [nio-8080-exec-1] o.s.web.servlet.DispatcherServlet        : Initializing Servlet 'dispatcherServlet'
2026-06-09T08:54:04.348+05:30  INFO 3587 --- [nio-8080-exec-1] o.s.web.servlet.DispatcherServlet        : Completed initialization in 1 ms
2026-06-09T08:54:04.406+05:30  INFO 3587 --- [nio-8080-exec-2] c.e.consumer.controller.ChaosController  : ==========================================================
2026-06-09T08:54:04.406+05:30  INFO 3587 --- [nio-8080-exec-2] c.e.consumer.controller.ChaosController  : STARTING CHAOS & CONVERGENCE INTEGRITY CHECK
2026-06-09T08:54:04.406+05:30  INFO 3587 --- [nio-8080-exec-2] c.e.consumer.controller.ChaosController  : ==========================================================
2026-06-09T08:54:04.406+05:30  INFO 3587 --- [nio-8080-exec-2] c.e.consumer.controller.ChaosController  : 1. States reset. Client: [], Server: []
2026-06-09T08:54:04.406+05:30  INFO 3587 --- [nio-8080-exec-2] c.e.consumer.service.ClientSyncTask      : Client - Adding element offline: item-baseline (ts=1780975444406, clock=VClock{node-client:1})
2026-06-09T08:54:04.407+05:30  INFO 3587 --- [nio-8080-exec-2] c.e.consumer.controller.ChaosController  : 2. Baseline item added. Waiting for sync...
2026-06-09T08:54:04.658+05:30  INFO 3587 --- [HTTP-Dispatcher] c.example.consumer.service.EventBusMock  : Mock Event Bus - Merged client state. Server current elements: [item-baseline]
2026-06-09T08:54:04.662+05:30  INFO 3587 --- [   scheduling-1] c.e.consumer.service.ClientSyncTask      : Client - Sync SUCCESS. Local elements: [item-baseline]
2026-06-09T08:54:06.656+05:30  INFO 3587 --- [HTTP-Dispatcher] c.example.consumer.service.EventBusMock  : Mock Event Bus - Merged client state. Server current elements: [item-baseline]
2026-06-09T08:54:06.658+05:30  INFO 3587 --- [   scheduling-1] c.e.consumer.service.ClientSyncTask      : Client - Sync SUCCESS. Local elements: [item-baseline]
2026-06-09T08:54:07.413+05:30  INFO 3587 --- [nio-8080-exec-2] c.e.consumer.controller.ChaosController  : Baseline sync verified successfully: [item-baseline]
2026-06-09T08:54:07.413+05:30  INFO 3587 --- [nio-8080-exec-2] c.e.consumer.controller.ChaosController  : 3. Simulating NETWORK PARTITION: Disabling Toxiproxy...
2026-06-09T08:54:07.420+05:30  INFO 3587 --- [nio-8080-exec-2] c.e.consumer.controller.ChaosController  : Toxiproxy proxy status updated: enabled = false
2026-06-09T08:54:07.421+05:30  INFO 3587 --- [nio-8080-exec-2] c.e.consumer.controller.ChaosController  : 4. Executing offline mutations on Client and Server...
2026-06-09T08:54:07.421+05:30  INFO 3587 --- [nio-8080-exec-2] c.e.consumer.service.ClientSyncTask      : Client - Adding element offline: client-only-item (ts=1780975447421, clock=VClock{node-client:2})
2026-06-09T08:54:07.421+05:30  INFO 3587 --- [nio-8080-exec-2] c.e.consumer.service.ClientSyncTask      : Client - Adding element offline: conflict-item (ts=1780975447421, clock=VClock{node-client:3})
2026-06-09T08:54:07.422+05:30  INFO 3587 --- [nio-8080-exec-2] c.e.consumer.controller.ChaosController  : Offline mutations complete.
2026-06-09T08:54:07.422+05:30  INFO 3587 --- [nio-8080-exec-2] c.e.consumer.controller.ChaosController  :   Current Client State: [item-baseline, client-only-item, conflict-item]
2026-06-09T08:54:07.422+05:30  INFO 3587 --- [nio-8080-exec-2] c.e.consumer.controller.ChaosController  :   Current Server State: [item-baseline, conflict-item, server-only-item]
2026-06-09T08:54:08.662+05:30  WARN 3587 --- [   scheduling-1] c.e.consumer.service.ClientSyncTask      : Client - Sync FAILED (Offline Mode - network partition simulated): null
2026-06-09T08:54:10.429+05:30  INFO 3587 --- [nio-8080-exec-2] c.e.consumer.controller.ChaosController  : Confirmed divergence during partition. (Client != Server)
2026-06-09T08:54:10.430+05:30  INFO 3587 --- [nio-8080-exec-2] c.e.consumer.controller.ChaosController  : 5. Healing NETWORK PARTITION: Re-enabling Toxiproxy...
2026-06-09T08:54:10.447+05:30  INFO 3587 --- [nio-8080-exec-2] c.e.consumer.controller.ChaosController  : Toxiproxy proxy status updated: enabled = true
2026-06-09T08:54:10.447+05:30  INFO 3587 --- [nio-8080-exec-2] c.e.consumer.controller.ChaosController  : 6. Waiting for background synchronization...
2026-06-09T08:54:10.660+05:30  INFO 3587 --- [HTTP-Dispatcher] c.example.consumer.service.EventBusMock  : Mock Event Bus - Merged client state. Server current elements: [item-baseline, conflict-item, server-only-item, client-only-item]
2026-06-09T08:54:10.664+05:30  INFO 3587 --- [   scheduling-1] c.e.consumer.service.ClientSyncTask      : Client - Sync SUCCESS. Local elements: [item-baseline, client-only-item, conflict-item, server-only-item]
2026-06-09T08:54:12.659+05:30  INFO 3587 --- [HTTP-Dispatcher] c.example.consumer.service.EventBusMock  : Mock Event Bus - Merged client state. Server current elements: [item-baseline, conflict-item, server-only-item, client-only-item]
2026-06-09T08:54:12.663+05:30  INFO 3587 --- [   scheduling-1] c.e.consumer.service.ClientSyncTask      : Client - Sync SUCCESS. Local elements: [item-baseline, client-only-item, conflict-item, server-only-item]
2026-06-09T08:54:14.656+05:30  INFO 3587 --- [HTTP-Dispatcher] c.example.consumer.service.EventBusMock  : Mock Event Bus - Merged client state. Server current elements: [item-baseline, conflict-item, server-only-item, client-only-item]
2026-06-09T08:54:14.658+05:30  INFO 3587 --- [   scheduling-1] c.e.consumer.service.ClientSyncTask      : Client - Sync SUCCESS. Local elements: [item-baseline, client-only-item, conflict-item, server-only-item]
